#
# A fatal error has been detected by the Java Runtime Environment:
#
#  SIGSEGV (0xb) at pc=0xb6bab718, pid=15817, tid=3059436352
#
# JRE version: OpenJDK Runtime Environment (7.0_51) (build 1.7.0_51-b00)
# Java VM: OpenJDK Server VM (24.45-b08 mixed mode linux-x86 )
# Problematic frame:
# V  [libjvm.so+0x4ad718]  jni_GetStringUTFChars+0x48
#
# Failed to write core dump. Core dumps have been disabled. To enable core dumping, try "ulimit -c unlimited" before starting Java again
#
# If you would like to submit a bug report, please include
# instructions on how to reproduce the bug and visit:
#   http://icedtea.classpath.org/bugzilla
#

---------------  T H R E A D  ---------------

Current thread (0xb6407800):  JavaThread "main" [_thread_in_vm, id=15822, stack(0xb6564000,0xb65b5000)]

siginfo:si_signo=SIGSEGV: si_errno=0, si_code=1 (SEGV_MAPERR), si_addr=0x00000000

Registers:
EAX=0x00000000, EBX=0xb711a000, ECX=0xb6407928, EDX=0xb7136ecc
ESP=0xb65b3f50, EBP=0xb65b3fb8, ESI=0xb6407800, EDI=0xb6407800
EIP=0xb6bab718, EFLAGS=0x00010246, CR2=0x00000000

Top of Stack: (sp=0xb65b3f50)
0xb65b3f50:   b6407928 b65b3f9c 000000b6 b64080f8
0xb65b3f60:   0000000d 000000b6 b6407800 b65b3f6c
0xb65b3f70:   b6407800 00000000 b64080e0 b64080e4
0xb65b3f80:   b6405e00 b6407ce0 005b3f94 6ac23268
0xb65b3f90:   b6407928 b6407800 b65b3fb8 6ac111c0
0xb65b3fa0:   b6407928 00000000 00000000 00000000
0xb65b3fb0:   6b4e0ad8 6b4e0ad4 b65b3ff0 b33e54d0
0xb65b3fc0:   b6407928 b65b4004 00000000 00000000 

Instructions: (pc=0xb6bab718)
0xb6bab6f8:   24 00 00 00 00 8b 46 04 89 74 24 20 85 c0 74 0c
0xb6bab708:   8d 44 24 20 89 04 24 e8 2c 25 21 00 8b 44 24 54
0xb6bab718:   8b 00 89 04 24 89 44 24 1c e8 fa 19 ff ff 8d 93
0xb6bab728:   d0 c9 01 00 8d 68 01 31 c0 80 3a 00 0f 85 96 00 

Register to memory mapping:

EAX=0x00000000 is an unknown value
EBX=0xb711a000: <offset 0xa1c000> in /usr/lib/jvm/java-7-openjdk-i386/jre/lib/i386/server/libjvm.so at 0xb66fe000
ECX=0xb6407928 is an unknown value
EDX=0xb7136ecc: <offset 0xa38ecc> in /usr/lib/jvm/java-7-openjdk-i386/jre/lib/i386/server/libjvm.so at 0xb66fe000
ESP=0xb65b3f50 is pointing into the stack for thread: 0xb6407800
EBP=0xb65b3fb8 is pointing into the stack for thread: 0xb6407800
ESI=0xb6407800 is a thread
EDI=0xb6407800 is a thread


Stack: [0xb6564000,0xb65b5000],  sp=0xb65b3f50,  free space=319k
Native frames: (J=compiled Java code, j=interpreted, Vv=VM code, C=native code)
V  [libjvm.so+0x4ad718]  jni_GetStringUTFChars+0x48
j  core.SerialPort.getStateSerialPortC(Ljava/lang/String;)Ljava/lang/String;+0
j  rwports.PuertoSerie.Inicia()V+177
j  rwports.RWPorts.main([Ljava/lang/String;)V+9
v  ~StubRoutines::call_stub
V  [libjvm.so+0x49dbe6]  JavaCalls::call_helper(JavaValue*, methodHandle*, JavaCallArguments*, Thread*)+0x386

Java frames: (J=compiled Java code, j=interpreted, Vv=VM code)
j  core.SerialPort.getStateSerialPortC(Ljava/lang/String;)Ljava/lang/String;+0
j  rwports.PuertoSerie.Inicia()V+177
j  rwports.RWPorts.main([Ljava/lang/String;)V+9
v  ~StubRoutines::call_stub

---------------  P R O C E S S  ---------------

Java Threads: ( => current thread )
  0x67c9cc00 JavaThread "Service Thread" daemon [_thread_blocked, id=15833, stack(0x674da000,0x6752b000)]
  0x67c9b000 JavaThread "C2 CompilerThread1" daemon [_thread_blocked, id=15832, stack(0x6752b000,0x675ac000)]
  0x67c99000 JavaThread "C2 CompilerThread0" daemon [_thread_blocked, id=15831, stack(0x675ac000,0x6762d000)]
  0x67c97400 JavaThread "Signal Dispatcher" daemon [_thread_blocked, id=15830, stack(0x6762d000,0x6767e000)]
  0x67c85400 JavaThread "Finalizer" daemon [_thread_blocked, id=15829, stack(0x679af000,0x67a00000)]
  0x67c83c00 JavaThread "Reference Handler" daemon [_thread_blocked, id=15828, stack(0x67d00000,0x67d51000)]
=>0xb6407800 JavaThread "main" [_thread_in_vm, id=15822, stack(0xb6564000,0xb65b5000)]

Other Threads:
  0x67c81000 VMThread [stack: 0x67d51000,0x67dd2000] [id=15827]
  0x67c9ec00 WatcherThread [stack: 0x67459000,0x674da000] [id=15834]

VM state:not at safepoint (normal execution)

VM Mutex/Monitor currently owned by a thread: None

Heap
 PSYoungGen      total 19456K, used 676K [0x9dd80000, 0x9f300000, 0xb3300000)
  eden space 16896K, 4% used [0x9dd80000,0x9de29088,0x9ee00000)
  from space 2560K, 0% used [0x9f080000,0x9f080000,0x9f300000)
  to   space 2560K, 0% used [0x9ee00000,0x9ee00000,0x9f080000)
 ParOldGen       total 43520K, used 0K [0x73300000, 0x75d80000, 0x9dd80000)
  object space 43520K, 0% used [0x73300000,0x73300000,0x75d80000)
 PSPermGen       total 16384K, used 1966K [0x6b300000, 0x6c300000, 0x73300000)
  object space 16384K, 12% used [0x6b300000,0x6b4eba48,0x6c300000)

Card table byte_map: [0x6b0bf000,0x6b300000] byte_map_base: 0x6ad65800

Polling page: 0xb774a000

Code Cache  [0xb33da000, 0xb361a000, 0xb63da000)
 total_blobs=115 nmethods=1 adapters=68 free_code_cache=48857Kb largest_free_block=50013824

Compilation events (2 events):
Event: 0,082 Thread 0x67c99000    1             java.lang.String::indexOf (70 bytes)
Event: 0,090 Thread 0x67c99000 nmethod 1 0xb3423e48 code [0xb3423f40, 0xb34240bc]

GC Heap History (0 events):
No events

Deoptimization events (0 events):
No events

Internal exceptions (10 events):
Event: 0,073 Thread 0xb6407800 Threw 0x9ddcc170 at /build/buildd/openjdk-7-7u51-2.4.4/build/openjdk/hotspot/src/share/vm/prims/jvm.cpp:1244
Event: 0,073 Thread 0xb6407800 Threw 0x9ddcc288 at /build/buildd/openjdk-7-7u51-2.4.4/build/openjdk/hotspot/src/share/vm/prims/jvm.cpp:1244
Event: 0,074 Thread 0xb6407800 Threw 0x9ddcef40 at /build/buildd/openjdk-7-7u51-2.4.4/build/openjdk/hotspot/src/share/vm/prims/jni.cpp:717
Event: 0,074 Thread 0xb6407800 Threw 0x9ddcf058 at /build/buildd/openjdk-7-7u51-2.4.4/build/openjdk/hotspot/src/share/vm/prims/jvm.cpp:1244
Event: 0,074 Thread 0xb6407800 Threw 0x9ddcf170 at /build/buildd/openjdk-7-7u51-2.4.4/build/openjdk/hotspot/src/share/vm/prims/jvm.cpp:1244
Event: 0,075 Thread 0xb6407800 Threw 0x9ddcfeb8 at /build/buildd/openjdk-7-7u51-2.4.4/build/openjdk/hotspot/src/share/vm/prims/jni.cpp:717
Event: 0,075 Thread 0xb6407800 Threw 0x9ddcffd0 at /build/buildd/openjdk-7-7u51-2.4.4/build/openjdk/hotspot/src/share/vm/prims/jvm.cpp:1244
Event: 0,075 Thread 0xb6407800 Threw 0x9ddd00e8 at /build/buildd/openjdk-7-7u51-2.4.4/build/openjdk/hotspot/src/share/vm/prims/jvm.cpp:1244
Event: 0,077 Thread 0xb6407800 Threw 0x9ddd5a18 at /build/buildd/openjdk-7-7u51-2.4.4/build/openjdk/hotspot/src/share/vm/prims/jvm.cpp:1244
Event: 0,082 Thread 0xb6407800 Threw 0x9dde1408 at /build/buildd/openjdk-7-7u51-2.4.4/build/openjdk/hotspot/src/share/vm/prims/jvm.cpp:1244

Events (10 events):
Event: 0,088 loading class 0x67ca7f68 done
Event: 0,088 loading class 0x67ca7f08 done
Event: 0,088 loading class 0x67ca7f38
Event: 0,088 loading class 0x67ca7f38 done
Event: 0,361 loading class 0x6ac52860
Event: 0,361 loading class 0x6ac52860 done
Event: 0,362 loading class 0x67cfbc38
Event: 0,362 loading class 0x67cfbc38 done
Event: 0,363 loading class 0x67cfbc98
Event: 0,363 loading class 0x67cfbc98 done


Dynamic libraries:
08048000-08049000 r-xp 00000000 08:01 34607168   /usr/lib/jvm/java-7-openjdk-i386/jre/bin/java
08049000-0804a000 r--p 00000000 08:01 34607168   /usr/lib/jvm/java-7-openjdk-i386/jre/bin/java
0804a000-0804b000 rw-p 00001000 08:01 34607168   /usr/lib/jvm/java-7-openjdk-i386/jre/bin/java
086d9000-086fa000 rw-p 00000000 00:00 0          [heap]
670f3000-67300000 rw-p 00000000 00:00 0 
67300000-67329000 rw-p 00000000 00:00 0 
67329000-67400000 ---p 00000000 00:00 0 
67459000-6745a000 ---p 00000000 00:00 0 
6745a000-674da000 rw-p 00000000 00:00 0          [stack:15834]
674da000-674dd000 ---p 00000000 00:00 0 
674dd000-6752b000 rw-p 00000000 00:00 0          [stack:15833]
6752b000-6752e000 ---p 00000000 00:00 0 
6752e000-675ac000 rw-p 00000000 00:00 0          [stack:15832]
675ac000-675af000 ---p 00000000 00:00 0 
675af000-6762d000 rw-p 00000000 00:00 0          [stack:15831]
6762d000-67630000 ---p 00000000 00:00 0 
67630000-6767e000 rw-p 00000000 00:00 0          [stack:15830]
6767e000-677af000 r--p 002c8000 08:01 31457463   /usr/lib/locale/locale-archive
677af000-679af000 r--p 00000000 08:01 31457463   /usr/lib/locale/locale-archive
679af000-679b2000 ---p 00000000 00:00 0 
679b2000-67a00000 rw-p 00000000 00:00 0          [stack:15829]
67a00000-67a36000 rw-p 00000000 00:00 0 
67a36000-67b00000 ---p 00000000 00:00 0 
67b00000-67b21000 rw-p 00000000 00:00 0 
67b21000-67c00000 ---p 00000000 00:00 0 
67c00000-67cfe000 rw-p 00000000 00:00 0 
67cfe000-67d00000 ---p 00000000 00:00 0 
67d00000-67d03000 ---p 00000000 00:00 0 
67d03000-67d51000 rw-p 00000000 00:00 0          [stack:15828]
67d51000-67d52000 ---p 00000000 00:00 0 
67d52000-67dd2000 rw-p 00000000 00:00 0          [stack:15827]
67dd2000-67f80000 r--s 01cf4000 08:01 34215243   /usr/lib/jvm/java-7-openjdk-i386/jre/lib/rt.jar
67f80000-6a800000 rw-p 00000000 00:00 0 
6a800000-6a821000 rw-p 00000000 00:00 0 
6a821000-6a900000 ---p 00000000 00:00 0 
6a937000-6a97f000 rw-p 00000000 00:00 0 
6a97f000-6a980000 ---p 00000000 00:00 0 
6a980000-6aa00000 rw-p 00000000 00:00 0          [stack:15826]
6aa00000-6aa21000 rw-p 00000000 00:00 0 
6aa21000-6ab00000 ---p 00000000 00:00 0 
6ab00000-6ab21000 rw-p 00000000 00:00 0 
6ab21000-6ac00000 ---p 00000000 00:00 0 
6ac0f000-6ac23000 r-xp 00000000 08:01 35263416   /home/jcarrillo/NetBeansProjects/RWPorts/libSOSerialPort.so
6ac23000-6ac24000 rw-p 00014000 08:01 35263416   /home/jcarrillo/NetBeansProjects/RWPorts/libSOSerialPort.so
6ac24000-6ac7f000 rw-p 00000000 00:00 0 
6ac7f000-6ac80000 ---p 00000000 00:00 0 
6ac80000-6ad00000 rw-p 00000000 00:00 0          [stack:15825]
6ad00000-6ad21000 rw-p 00000000 00:00 0 
6ad21000-6ae00000 ---p 00000000 00:00 0 
6ae0c000-6ae27000 rw-p 00000000 00:00 0 
6ae27000-6ae28000 ---p 00000000 00:00 0 
6ae28000-6aea8000 rw-p 00000000 00:00 0          [stack:15824]
6aea8000-6aea9000 ---p 00000000 00:00 0 
6aea9000-6af31000 rw-p 00000000 00:00 0          [stack:15823]
6af31000-6af69000 rw-p 00000000 00:00 0 
6af69000-6af7f000 rw-p 00000000 00:00 0 
6af7f000-6b0bf000 rw-p 00000000 00:00 0 
6b0bf000-6b0c7000 rw-p 00000000 00:00 0 
6b0c7000-6b0ff000 rw-p 00000000 00:00 0 
6b0ff000-6b115000 rw-p 00000000 00:00 0 
6b115000-6b254000 rw-p 00000000 00:00 0 
6b254000-6b25f000 rw-p 00000000 00:00 0 
6b25f000-6b2ff000 rw-p 00000000 00:00 0 
6b2ff000-6c300000 rw-p 00000000 00:00 0 
6c300000-73300000 rw-p 00000000 00:00 0 
73300000-75d80000 rw-p 00000000 00:00 0 
75d80000-9dd80000 rw-p 00000000 00:00 0 
9dd80000-9f300000 rw-p 00000000 00:00 0 
9f300000-b3300000 rw-p 00000000 00:00 0 
b3311000-b3312000 rw-p 00000000 00:00 0 
b3312000-b3315000 r--s 0001f000 08:01 35263413   /home/jcarrillo/NetBeansProjects/RWPorts/comm.jar
b3315000-b3317000 r--s 0000d000 08:01 35262953   /home/jcarrillo/NetBeansProjects/RWPorts/RXTXcomm.jar
b3317000-b331a000 r--s 0000f000 08:01 34477319   /usr/lib/jvm/java-7-openjdk-i386/jre/lib/ext/pulse-java.jar
b331a000-b3323000 rw-p 00000000 00:00 0 
b3323000-b33da000 rw-p 00000000 00:00 0 
b33da000-b361a000 rwxp 00000000 00:00 0 
b361a000-b63da000 rw-p 00000000 00:00 0 
b63da000-b63e5000 r-xp 00000000 08:01 20971915   /lib/i386-linux-gnu/libnss_files-2.17.so
b63e5000-b63e6000 r--p 0000a000 08:01 20971915   /lib/i386-linux-gnu/libnss_files-2.17.so
b63e6000-b63e7000 rw-p 0000b000 08:01 20971915   /lib/i386-linux-gnu/libnss_files-2.17.so
b63e7000-b63fc000 r-xp 00000000 08:01 20971896   /lib/i386-linux-gnu/libnsl-2.17.so
b63fc000-b63fd000 r--p 00014000 08:01 20971896   /lib/i386-linux-gnu/libnsl-2.17.so
b63fd000-b63fe000 rw-p 00015000 08:01 20971896   /lib/i386-linux-gnu/libnsl-2.17.so
b63fe000-b6400000 rw-p 00000000 00:00 0 
b6400000-b64ff000 rw-p 00000000 00:00 0 
b64ff000-b6500000 ---p 00000000 00:00 0 
b6500000-b6501000 r--s 00003000 08:01 36183061   /home/jcarrillo/NetBeansProjects/RWPorts/java-gpm8212-bdb50be8624f/lib/giovynetSerialPort/SerialPort.jar
b6501000-b6504000 r--s 0001f000 08:01 34476605   /usr/lib/jvm/java-7-openjdk-i386/jre/lib/ext/comm.jar
b6504000-b6506000 r--s 0000d000 08:01 34476603   /usr/lib/jvm/java-7-openjdk-i386/jre/lib/ext/RXTXcomm.jar
b6506000-b6510000 r-xp 00000000 08:01 20971911   /lib/i386-linux-gnu/libnss_nis-2.17.so
b6510000-b6511000 r--p 00009000 08:01 20971911   /lib/i386-linux-gnu/libnss_nis-2.17.so
b6511000-b6512000 rw-p 0000a000 08:01 20971911   /lib/i386-linux-gnu/libnss_nis-2.17.so
b6512000-b6513000 r--s 00003000 08:01 34476600   /usr/lib/jvm/java-7-openjdk-i386/jre/lib/ext/SerialPort.jar
b6513000-b6516000 r--s 00032000 08:01 34477325   /usr/lib/jvm/java-7-openjdk-i386/jre/lib/ext/sunjce_provider.jar
b6516000-b6518000 r--s 00006000 08:01 31990857   /usr/share/java/java-atk-wrapper.jar
b6518000-b651c000 r--s 00085000 08:01 34477321   /usr/lib/jvm/java-7-openjdk-i386/jre/lib/ext/localedata.jar
b651c000-b6520000 r--s 0003b000 08:01 34477327   /usr/lib/jvm/java-7-openjdk-i386/jre/lib/ext/sunpkcs11.jar
b6520000-b6528000 r-xp 00000000 08:01 34215141   /usr/lib/jvm/java-7-openjdk-i386/jre/lib/i386/libzip.so
b6528000-b6529000 r--p 00007000 08:01 34215141   /usr/lib/jvm/java-7-openjdk-i386/jre/lib/i386/libzip.so
b6529000-b652a000 rw-p 00008000 08:01 34215141   /usr/lib/jvm/java-7-openjdk-i386/jre/lib/i386/libzip.so
b652a000-b6532000 rw-s 00000000 08:01 40767964   /tmp/hsperfdata_root/15817
b6532000-b6559000 r-xp 00000000 08:01 34215130   /usr/lib/jvm/java-7-openjdk-i386/jre/lib/i386/libjava.so
b6559000-b655a000 r--p 00026000 08:01 34215130   /usr/lib/jvm/java-7-openjdk-i386/jre/lib/i386/libjava.so
b655a000-b655b000 rw-p 00027000 08:01 34215130   /usr/lib/jvm/java-7-openjdk-i386/jre/lib/i386/libjava.so
b655b000-b6562000 r-xp 00000000 08:01 20971566   /lib/i386-linux-gnu/librt-2.17.so
b6562000-b6563000 r--p 00006000 08:01 20971566   /lib/i386-linux-gnu/librt-2.17.so
b6563000-b6564000 rw-p 00007000 08:01 20971566   /lib/i386-linux-gnu/librt-2.17.so
b6564000-b6567000 ---p 00000000 00:00 0 
b6567000-b65b5000 rw-p 00000000 00:00 0          [stack:15822]
b65b5000-b65d0000 r-xp 00000000 08:01 20971558   /lib/i386-linux-gnu/libgcc_s.so.1
b65d0000-b65d1000 r--p 0001a000 08:01 20971558   /lib/i386-linux-gnu/libgcc_s.so.1
b65d1000-b65d2000 rw-p 0001b000 08:01 20971558   /lib/i386-linux-gnu/libgcc_s.so.1
b65d2000-b6613000 r-xp 00000000 08:01 20971909   /lib/i386-linux-gnu/libm-2.17.so
b6613000-b6614000 r--p 00040000 08:01 20971909   /lib/i386-linux-gnu/libm-2.17.so
b6614000-b6615000 rw-p 00041000 08:01 20971909   /lib/i386-linux-gnu/libm-2.17.so
b6615000-b66f2000 r-xp 00000000 08:01 31461720   /usr/lib/i386-linux-gnu/libstdc++.so.6.0.18
b66f2000-b66f6000 r--p 000dc000 08:01 31461720   /usr/lib/i386-linux-gnu/libstdc++.so.6.0.18
b66f6000-b66f7000 rw-p 000e0000 08:01 31461720   /usr/lib/i386-linux-gnu/libstdc++.so.6.0.18
b66f7000-b66fe000 rw-p 00000000 00:00 0 
b66fe000-b70c8000 r-xp 00000000 08:01 34347776   /usr/lib/jvm/java-7-openjdk-i386/jre/lib/i386/server/libjvm.so
b70c8000-b70c9000 ---p 009ca000 08:01 34347776   /usr/lib/jvm/java-7-openjdk-i386/jre/lib/i386/server/libjvm.so
b70c9000-b711a000 r--p 009ca000 08:01 34347776   /usr/lib/jvm/java-7-openjdk-i386/jre/lib/i386/server/libjvm.so
b711a000-b712e000 rw-p 00a1b000 08:01 34347776   /usr/lib/jvm/java-7-openjdk-i386/jre/lib/i386/server/libjvm.so
b712e000-b754c000 rw-p 00000000 00:00 0 
b754c000-b7564000 r-xp 00000000 08:01 20971680   /lib/i386-linux-gnu/libz.so.1.2.8
b7564000-b7565000 r--p 00017000 08:01 20971680   /lib/i386-linux-gnu/libz.so.1.2.8
b7565000-b7566000 rw-p 00018000 08:01 20971680   /lib/i386-linux-gnu/libz.so.1.2.8
b7566000-b757d000 r-xp 00000000 08:01 20971908   /lib/i386-linux-gnu/libpthread-2.17.so
b757d000-b757e000 r--p 00016000 08:01 20971908   /lib/i386-linux-gnu/libpthread-2.17.so
b757e000-b757f000 rw-p 00017000 08:01 20971908   /lib/i386-linux-gnu/libpthread-2.17.so
b757f000-b7581000 rw-p 00000000 00:00 0 
b7581000-b7584000 r-xp 00000000 08:01 20971904   /lib/i386-linux-gnu/libdl-2.17.so
b7584000-b7585000 r--p 00002000 08:01 20971904   /lib/i386-linux-gnu/libdl-2.17.so
b7585000-b7586000 rw-p 00003000 08:01 20971904   /lib/i386-linux-gnu/libdl-2.17.so
b7586000-b7734000 r-xp 00000000 08:01 20971903   /lib/i386-linux-gnu/libc-2.17.so
b7734000-b7736000 r--p 001ae000 08:01 20971903   /lib/i386-linux-gnu/libc-2.17.so
b7736000-b7737000 rw-p 001b0000 08:01 20971903   /lib/i386-linux-gnu/libc-2.17.so
b7737000-b773b000 rw-p 00000000 00:00 0 
b773b000-b773c000 r--s 00002000 08:01 34477317   /usr/lib/jvm/java-7-openjdk-i386/jre/lib/ext/dnsns.jar
b773c000-b773e000 r--s 00012000 08:01 34477323   /usr/lib/jvm/java-7-openjdk-i386/jre/lib/ext/zipfs.jar
b773e000-b773f000 r--p 00533000 08:01 31457463   /usr/lib/locale/locale-archive
b773f000-b7740000 r--p 00530000 08:01 31457463   /usr/lib/locale/locale-archive
b7740000-b7747000 r-xp 00000000 08:01 20971906   /lib/i386-linux-gnu/libnss_compat-2.17.so
b7747000-b7748000 r--p 00006000 08:01 20971906   /lib/i386-linux-gnu/libnss_compat-2.17.so
b7748000-b7749000 rw-p 00007000 08:01 20971906   /lib/i386-linux-gnu/libnss_compat-2.17.so
b7749000-b774a000 rw-p 00000000 00:00 0 
b774a000-b774b000 r--p 00000000 00:00 0 
b774b000-b7759000 r-xp 00000000 08:01 34215140   /usr/lib/jvm/java-7-openjdk-i386/jre/lib/i386/libverify.so
b7759000-b775a000 r--p 0000d000 08:01 34215140   /usr/lib/jvm/java-7-openjdk-i386/jre/lib/i386/libverify.so
b775a000-b775b000 rw-p 0000e000 08:01 34215140   /usr/lib/jvm/java-7-openjdk-i386/jre/lib/i386/libverify.so
b775b000-b7767000 r-xp 00000000 08:01 34346975   /usr/lib/jvm/java-7-openjdk-i386/jre/lib/i386/jli/libjli.so
b7767000-b7768000 r--p 0000c000 08:01 34346975   /usr/lib/jvm/java-7-openjdk-i386/jre/lib/i386/jli/libjli.so
b7768000-b7769000 rw-p 0000d000 08:01 34346975   /usr/lib/jvm/java-7-openjdk-i386/jre/lib/i386/jli/libjli.so
b7769000-b776b000 rw-p 00000000 00:00 0 
b776b000-b776c000 r-xp 00000000 00:00 0          [vdso]
b776c000-b778c000 r-xp 00000000 08:01 20971899   /lib/i386-linux-gnu/ld-2.17.so
b778c000-b778d000 r--p 0001f000 08:01 20971899   /lib/i386-linux-gnu/ld-2.17.so
b778d000-b778e000 rw-p 00020000 08:01 20971899   /lib/i386-linux-gnu/ld-2.17.so
bfba5000-bfbc6000 rw-p 00000000 00:00 0          [stack]

VM Arguments:
jvm_args: -Dfile.encoding=UTF-8 
java_command: rwports.RWPorts
Launcher Type: SUN_STANDARD

Environment Variables:
PATH=/usr/local/sbin:/usr/local/bin:/usr/sbin:/usr/bin:/sbin:/bin
USERNAME=root
LD_LIBRARY_PATH=/usr/lib/jvm/default-java/jre/lib/amd64:/usr/lib/jvm/default-java/jre/lib/i386:
SHELL=/bin/bash
DISPLAY=:0.0

Signal Handlers:
SIGSEGV: [libjvm.so+0x7ecdd0], sa_mask[0]=0x7ffbfeff, sa_flags=0x10000004
SIGBUS: [libjvm.so+0x7ecdd0], sa_mask[0]=0x7ffbfeff, sa_flags=0x10000004
SIGFPE: [libjvm.so+0x66ab90], sa_mask[0]=0x7ffbfeff, sa_flags=0x10000004
SIGPIPE: [libjvm.so+0x66ab90], sa_mask[0]=0x7ffbfeff, sa_flags=0x10000004
SIGXFSZ: [libjvm.so+0x66ab90], sa_mask[0]=0x7ffbfeff, sa_flags=0x10000004
SIGILL: [libjvm.so+0x66ab90], sa_mask[0]=0x7ffbfeff, sa_flags=0x10000004
SIGUSR1: SIG_DFL, sa_mask[0]=0x00000000, sa_flags=0x00000000
SIGUSR2: [libjvm.so+0x66aa20], sa_mask[0]=0x00000004, sa_flags=0x10000004
SIGHUP: [libjvm.so+0x66ac50], sa_mask[0]=0x7ffbfeff, sa_flags=0x10000004
SIGINT: SIG_IGN, sa_mask[0]=0x00000000, sa_flags=0x00000000
SIGTERM: [libjvm.so+0x66ac50], sa_mask[0]=0x7ffbfeff, sa_flags=0x10000004
SIGQUIT: [libjvm.so+0x66ac50], sa_mask[0]=0x7ffbfeff, sa_flags=0x10000004


---------------  S Y S T E M  ---------------

OS:Ubuntu 13.10 (saucy)
uname:Linux 3.11.0-19-lowlatency #13-Ubuntu SMP PREEMPT Tue Mar 18 22:33:34 UTC 2014 i686
libc:glibc 2.17 NPTL 2.17 
rlimit: STACK 8192k, CORE 0k, NPROC 64454, NOFILE 4096, AS infinity
load average:1,86 1,59 1,47

/proc/meminfo:
MemTotal:        8267720 kB
MemFree:          891140 kB
Buffers:          387372 kB
Cached:          2321568 kB
SwapCached:            0 kB
Active:          3581048 kB
Inactive:        1865748 kB
Active(anon):    2238604 kB
Inactive(anon):   559924 kB
Active(file):    1342444 kB
Inactive(file):  1305824 kB
Unevictable:          96 kB
Mlocked:              96 kB
HighTotal:       7453552 kB
HighFree:         760084 kB
LowTotal:         814168 kB
LowFree:          131056 kB
SwapTotal:       8365052 kB
SwapFree:        8365052 kB
Dirty:               932 kB
Writeback:             0 kB
AnonPages:       2738168 kB
Mapped:          1405156 kB
Shmem:             60584 kB
Slab:             265564 kB
SReclaimable:     231608 kB
SUnreclaim:        33956 kB
KernelStack:        6432 kB
PageTables:        22464 kB
NFS_Unstable:          0 kB
Bounce:                0 kB
WritebackTmp:          0 kB
CommitLimit:    12498912 kB
Committed_AS:    7775764 kB
VmallocTotal:     122880 kB
VmallocUsed:       53244 kB
VmallocChunk:      62228 kB
HardwareCorrupted:     0 kB
AnonHugePages:         0 kB
HugePages_Total:       0
HugePages_Free:        0
HugePages_Rsvd:        0
HugePages_Surp:        0
Hugepagesize:       2048 kB
DirectMap4k:      294904 kB
DirectMap2M:      618496 kB


CPU:total 4 (2 cores per cpu, 2 threads per core) family 6 model 42 stepping 7, cmov, cx8, fxsr, mmx, sse, sse2, sse3, ssse3, sse4.1, sse4.2, popcnt, avx, ht, tsc, tscinvbit

/proc/cpuinfo:
processor	: 0
vendor_id	: GenuineIntel
cpu family	: 6
model		: 42
model name	: Intel(R) Core(TM) i3-2100 CPU @ 3.10GHz
stepping	: 7
microcode	: 0x14
cpu MHz		: 1600.000
cache size	: 3072 KB
physical id	: 0
siblings	: 4
core id		: 0
cpu cores	: 2
apicid		: 0
initial apicid	: 0
fdiv_bug	: no
f00f_bug	: no
coma_bug	: no
fpu		: yes
fpu_exception	: yes
cpuid level	: 13
wp		: yes
flags		: fpu vme de pse tsc msr pae mce cx8 apic sep mtrr pge mca cmov pat pse36 clflush dts acpi mmx fxsr sse sse2 ss ht tm pbe nx rdtscp lm constant_tsc arch_perfmon pebs bts xtopology nonstop_tsc aperfmperf eagerfpu pni pclmulqdq dtes64 monitor ds_cpl vmx est tm2 ssse3 cx16 xtpr pdcm pcid sse4_1 sse4_2 popcnt tsc_deadline_timer xsave avx lahf_lm arat epb xsaveopt pln pts dtherm tpr_shadow vnmi flexpriority ept vpid
bogomips	: 6185.72
clflush size	: 64
cache_alignment	: 64
address sizes	: 36 bits physical, 48 bits virtual
power management:

processor	: 1
vendor_id	: GenuineIntel
cpu family	: 6
model		: 42
model name	: Intel(R) Core(TM) i3-2100 CPU @ 3.10GHz
stepping	: 7
microcode	: 0x14
cpu MHz		: 3100.000
cache size	: 3072 KB
physical id	: 0
siblings	: 4
core id		: 1
cpu cores	: 2
apicid		: 2
initial apicid	: 2
fdiv_bug	: no
f00f_bug	: no
coma_bug	: no
fpu		: yes
fpu_exception	: yes
cpuid level	: 13
wp		: yes
flags		: fpu vme de pse tsc msr pae mce cx8 apic sep mtrr pge mca cmov pat pse36 clflush dts acpi mmx fxsr sse sse2 ss ht tm pbe nx rdtscp lm constant_tsc arch_perfmon pebs bts xtopology nonstop_tsc aperfmperf eagerfpu pni pclmulqdq dtes64 monitor ds_cpl vmx est tm2 ssse3 cx16 xtpr pdcm pcid sse4_1 sse4_2 popcnt tsc_deadline_timer xsave avx lahf_lm arat epb xsaveopt pln pts dtherm tpr_shadow vnmi flexpriority ept vpid
bogomips	: 6185.72
clflush size	: 64
cache_alignment	: 64
address sizes	: 36 bits physical, 48 bits virtual
power management:

processor	: 2
vendor_id	: GenuineIntel
cpu family	: 6
model		: 42
model name	: Intel(R) Core(TM) i3-2100 CPU @ 3.10GHz
stepping	: 7
microcode	: 0x14
cpu MHz		: 3100.000
cache size	: 3072 KB
physical id	: 0
siblings	: 4
core id		: 0
cpu cores	: 2
apicid		: 1
initial apicid	: 1
fdiv_bug	: no
f00f_bug	: no
coma_bug	: no
fpu		: yes
fpu_exception	: yes
cpuid level	: 13
wp		: yes
flags		: fpu vme de pse tsc msr pae mce cx8 apic sep mtrr pge mca cmov pat pse36 clflush dts acpi mmx fxsr sse sse2 ss ht tm pbe nx rdtscp lm constant_tsc arch_perfmon pebs bts xtopology nonstop_tsc aperfmperf eagerfpu pni pclmulqdq dtes64 monitor ds_cpl vmx est tm2 ssse3 cx16 xtpr pdcm pcid sse4_1 sse4_2 popcnt tsc_deadline_timer xsave avx lahf_lm arat epb xsaveopt pln pts dtherm tpr_shadow vnmi flexpriority ept vpid
bogomips	: 6185.72
clflush size	: 64
cache_alignment	: 64
address sizes	: 36 bits physical, 48 bits virtual
power management:

processor	: 3
vendor_id	: GenuineIntel
cpu family	: 6
model		: 42
model name	: Intel(R) Core(TM) i3-2100 CPU @ 3.10GHz
stepping	: 7
microcode	: 0x14
cpu MHz		: 3100.000
cache size	: 3072 KB
physical id	: 0
siblings	: 4
core id		: 1
cpu cores	: 2
apicid		: 3
initial apicid	: 3
fdiv_bug	: no
f00f_bug	: no
coma_bug	: no
fpu		: yes
fpu_exception	: yes
cpuid level	: 13
wp		: yes
flags		: fpu vme de pse tsc msr pae mce cx8 apic sep mtrr pge mca cmov pat pse36 clflush dts acpi mmx fxsr sse sse2 ss ht tm pbe nx rdtscp lm constant_tsc arch_perfmon pebs bts xtopology nonstop_tsc aperfmperf eagerfpu pni pclmulqdq dtes64 monitor ds_cpl vmx est tm2 ssse3 cx16 xtpr pdcm pcid sse4_1 sse4_2 popcnt tsc_deadline_timer xsave avx lahf_lm arat epb xsaveopt pln pts dtherm tpr_shadow vnmi flexpriority ept vpid
bogomips	: 6185.72
clflush size	: 64
cache_alignment	: 64
address sizes	: 36 bits physical, 48 bits virtual
power management:



Memory: 4k page, physical 8267720k(891140k free), swap 8365052k(8365052k free)

vm_info: OpenJDK Server VM (24.45-b08) for linux-x86 JRE (1.7.0_51-b00), built on Jan 15 2014 22:09:30 by "buildd" with gcc 4.8.1

time: Fri Apr 11 18:23:12 2014
elapsed time: 0 seconds

